# JRE version: Java(TM) SE Runtime Environment (8.0_161-b12) (build 1.8.0_161-b12)
# Java VM: Java HotSpot(TM) 64-Bit Server VM (25.161-b12 mixed mode bsd-amd64 compressed oops)
Heap:
 PSYoungGen      total 217088K, used 168797K [0x00000007b0000000, 0x00000007c0000000, 0x00000007c0000000)
  eden space 175104K, 79% used [0x00000007b0000000,0x00000007b87941a0,0x00000007bab00000)
  from space 41984K, 71% used [0x00000007bd700000,0x00000007bf4434d8,0x00000007c0000000)
  to   space 43520K, 0% used [0x00000007bab00000,0x00000007bab00000,0x00000007bd580000)
 ParOldGen       total 524288K, used 86099K [0x0000000790000000, 0x00000007b0000000, 0x00000007b0000000)
  object space 524288K, 16% used [0x0000000790000000,0x0000000795414e70,0x00000007b0000000)
 Metaspace       used 71466K, capacity 74612K, committed 74752K, reserved 1114112K
  class space    used 9172K, capacity 10125K, committed 10240K, reserved 1048576K
GC Heap History (10 events):
Event: 317.035 GC heap before
{Heap before GC invocations=31 (full 3):
 PSYoungGen      total 226816K, used 212487K [0x00000007b0000000, 0x00000007c0000000, 0x00000007c0000000)
  eden space 193024K, 100% used [0x00000007b0000000,0x00000007bbc80000,0x00000007bbc80000)
  from space 33792K, 57% used [0x00000007bbc80000,0x00000007bcf81e80,0x00000007bdd80000)
  to   space 33280K, 0% used [0x00000007bdf80000,0x00000007bdf80000,0x00000007c0000000)
 ParOldGen       total 524288K, used 86059K [0x0000000790000000, 0x00000007b0000000, 0x00000007b0000000)
  object space 524288K, 16% used [0x0000000790000000,0x000000079540ae70,0x00000007b0000000)
 Metaspace       used 68223K, capacity 70520K, committed 70656K, reserved 1110016K
  class space    used 8764K, capacity 9432K, committed 9472K, reserved 1048576K
Event: 317.064 GC heap after
Heap after GC invocations=31 (full 3):
 PSYoungGen      total 223744K, used 26981K [0x00000007b0000000, 0x00000007c0000000, 0x00000007c0000000)
  eden space 190464K, 0% used [0x00000007b0000000,0x00000007b0000000,0x00000007bba00000)
  from space 33280K, 81% used [0x00000007bdf80000,0x00000007bf9d9618,0x00000007c0000000)
  to   space 35840K, 0% used [0x00000007bba00000,0x00000007bba00000,0x00000007bdd00000)
 ParOldGen       total 524288K, used 86067K [0x0000000790000000, 0x00000007b0000000, 0x00000007b0000000)
  object space 524288K, 16% used [0x0000000790000000,0x000000079540ce70,0x00000007b0000000)
 Metaspace       used 68223K, capacity 70520K, committed 70656K, reserved 1110016K
  class space    used 8764K, capacity 9432K, committed 9472K, reserved 1048576K
}
Event: 631.237 GC heap before
{Heap before GC invocations=32 (full 3):
 PSYoungGen      total 223744K, used 217445K [0x00000007b0000000, 0x00000007c0000000, 0x00000007c0000000)
  eden space 190464K, 100% used [0x00000007b0000000,0x00000007bba00000,0x00000007bba00000)
  from space 33280K, 81% used [0x00000007bdf80000,0x00000007bf9d9618,0x00000007c0000000)
  to   space 35840K, 0% used [0x00000007bba00000,0x00000007bba00000,0x00000007bdd00000)
 ParOldGen       total 524288K, used 86067K [0x0000000790000000, 0x00000007b0000000, 0x00000007b0000000)
  object space 524288K, 16% used [0x0000000790000000,0x000000079540ce70,0x00000007b0000000)
 Metaspace       used 68969K, capacity 71616K, committed 71936K, reserved 1112064K
  class space    used 8882K, capacity 9643K, committed 9728K, reserved 1048576K
Event: 631.265 GC heap after
Heap after GC invocations=32 (full 3):
 PSYoungGen      total 219648K, used 28831K [0x00000007b0000000, 0x00000007c0000000, 0x00000007c0000000)
  eden space 190464K, 0% used [0x00000007b0000000,0x00000007b0000000,0x00000007bba00000)
  from space 29184K, 98% used [0x00000007bba00000,0x00000007bd627ee8,0x00000007bd680000)
  to   space 38400K, 0% used [0x00000007bda80000,0x00000007bda80000,0x00000007c0000000)
 ParOldGen       total 524288K, used 86075K [0x0000000790000000, 0x00000007b0000000, 0x00000007b0000000)
  object space 524288K, 16% used [0x0000000790000000,0x000000079540ee70,0x00000007b0000000)
 Metaspace       used 68969K, capacity 71616K, committed 71936K, reserved 1112064K
  class space    used 8882K, capacity 9643K, committed 9728K, reserved 1048576K
}
Event: 859.721 GC heap before
{Heap before GC invocations=33 (full 3):
 PSYoungGen      total 219648K, used 219295K [0x00000007b0000000, 0x00000007c0000000, 0x00000007c0000000)
  eden space 190464K, 100% used [0x00000007b0000000,0x00000007bba00000,0x00000007bba00000)
  from space 29184K, 98% used [0x00000007bba00000,0x00000007bd627ee8,0x00000007bd680000)
  to   space 38400K, 0% used [0x00000007bda80000,0x00000007bda80000,0x00000007c0000000)
 ParOldGen       total 524288K, used 86075K [0x0000000790000000, 0x00000007b0000000, 0x00000007b0000000)
  object space 524288K, 16% used [0x0000000790000000,0x000000079540ee70,0x00000007b0000000)
 Metaspace       used 69384K, capacity 72086K, committed 72192K, reserved 1112064K
  class space    used 8910K, capacity 9668K, committed 9728K, reserved 1048576K
Event: 859.763 GC heap after
Heap after GC invocations=33 (full 3):
 PSYoungGen      total 219648K, used 29981K [0x00000007b0000000, 0x00000007c0000000, 0x00000007c0000000)
  eden space 181248K, 0% used [0x00000007b0000000,0x00000007b0000000,0x00000007bb100000)
  from space 38400K, 78% used [0x00000007bda80000,0x00000007bf7c74a8,0x00000007c0000000)
  to   space 40448K, 0% used [0x00000007bb100000,0x00000007bb100000,0x00000007bd880000)
 ParOldGen       total 524288K, used 86083K [0x0000000790000000, 0x00000007b0000000, 0x00000007b0000000)
  object space 524288K, 16% used [0x0000000790000000,0x0000000795410e70,0x00000007b0000000)
 Metaspace       used 69384K, capacity 72086K, committed 72192K, reserved 1112064K
  class space    used 8910K, capacity 9668K, committed 9728K, reserved 1048576K
}
Event: 1098.225 GC heap before
{Heap before GC invocations=34 (full 3):
 PSYoungGen      total 219648K, used 211229K [0x00000007b0000000, 0x00000007c0000000, 0x00000007c0000000)
  eden space 181248K, 100% used [0x00000007b0000000,0x00000007bb100000,0x00000007bb100000)
  from space 38400K, 78% used [0x00000007bda80000,0x00000007bf7c74a8,0x00000007c0000000)
  to   space 40448K, 0% used [0x00000007bb100000,0x00000007bb100000,0x00000007bd880000)
 ParOldGen       total 524288K, used 86083K [0x0000000790000000, 0x00000007b0000000, 0x00000007b0000000)
  object space 524288K, 16% used [0x0000000790000000,0x0000000795410e70,0x00000007b0000000)
 Metaspace       used 69850K, capacity 72664K, committed 72704K, reserved 1112064K
  class space    used 8943K, capacity 9727K, committed 9728K, reserved 1048576K
Event: 1098.288 GC heap after
Heap after GC invocations=34 (full 3):
 PSYoungGen      total 207872K, used 28397K [0x00000007b0000000, 0x00000007c0000000, 0x00000007c0000000)
  eden space 179200K, 0% used [0x00000007b0000000,0x00000007b0000000,0x00000007baf00000)
  from space 28672K, 99% used [0x00000007bb100000,0x00000007bccbb508,0x00000007bcd00000)
  to   space 41984K, 0% used [0x00000007bd700000,0x00000007bd700000,0x00000007c0000000)
 ParOldGen       total 524288K, used 86091K [0x0000000790000000, 0x00000007b0000000, 0x00000007b0000000)
  object space 524288K, 16% used [0x0000000790000000,0x0000000795412e70,0x00000007b0000000)
 Metaspace       used 69850K, capacity 72664K, committed 72704K, reserved 1112064K
  class space    used 8943K, capacity 9727K, committed 9728K, reserved 1048576K
}
Event: 1199.872 GC heap before
{Heap before GC invocations=35 (full 3):
 PSYoungGen      total 207872K, used 207597K [0x00000007b0000000, 0x00000007c0000000, 0x00000007c0000000)
  eden space 179200K, 100% used [0x00000007b0000000,0x00000007baf00000,0x00000007baf00000)
  from space 28672K, 99% used [0x00000007bb100000,0x00000007bccbb508,0x00000007bcd00000)
  to   space 41984K, 0% used [0x00000007bd700000,0x00000007bd700000,0x00000007c0000000)
 ParOldGen       total 524288K, used 86091K [0x0000000790000000, 0x00000007b0000000, 0x00000007b0000000)
  object space 524288K, 16% used [0x0000000790000000,0x0000000795412e70,0x00000007b0000000)
 Metaspace       used 70565K, capacity 73524K, committed 73728K, reserved 1114112K
  class space    used 9056K, capacity 9939K, committed 9984K, reserved 1048576K
Event: 1199.905 GC heap after
Heap after GC invocations=35 (full 3):
 PSYoungGen      total 217088K, used 29965K [0x00000007b0000000, 0x00000007c0000000, 0x00000007c0000000)
  eden space 175104K, 0% used [0x00000007b0000000,0x00000007b0000000,0x00000007bab00000)
  from space 41984K, 71% used [0x00000007bd700000,0x00000007bf4434d8,0x00000007c0000000)
  to   space 43520K, 0% used [0x00000007bab00000,0x00000007bab00000,0x00000007bd580000)
 ParOldGen       total 524288K, used 86099K [0x0000000790000000, 0x00000007b0000000, 0x00000007b0000000)
  object space 524288K, 16% used [0x0000000790000000,0x0000000795414e70,0x00000007b0000000)
 Metaspace       used 70565K, capacity 73524K, committed 73728K, reserved 1114112K
  class space    used 9056K, capacity 9939K, committed 9984K, reserved 1048576K
}

