# JRE version: Java(TM) SE Runtime Environment (8.0_161-b12) (build 1.8.0_161-b12)
# Java VM: Java HotSpot(TM) 64-Bit Server VM (25.161-b12 mixed mode bsd-amd64 compressed oops)
Heap:
 PSYoungGen      total 238080K, used 165462K [0x00000007b0000000, 0x00000007c0000000, 0x00000007c0000000)
  eden space 215040K, 72% used [0x00000007b0000000,0x00000007b97b9938,0x00000007bd200000)
  from space 23040K, 43% used [0x00000007bd200000,0x00000007bdbdc1d0,0x00000007be880000)
  to   space 22016K, 0% used [0x00000007bea80000,0x00000007bea80000,0x00000007c0000000)
 ParOldGen       total 524288K, used 110779K [0x0000000790000000, 0x00000007b0000000, 0x00000007b0000000)
  object space 524288K, 21% used [0x0000000790000000,0x0000000796c2efb0,0x00000007b0000000)
 Metaspace       used 76637K, capacity 83480K, committed 83624K, reserved 1120256K
  class space    used 10526K, capacity 12605K, committed 12712K, reserved 1048576K
GC Heap History (10 events):
Event: 8064.859 GC heap before
{Heap before GC invocations=58 (full 3):
 PSYoungGen      total 235520K, used 217603K [0x00000007b0000000, 0x00000007c0000000, 0x00000007c0000000)
  eden space 207872K, 100% used [0x00000007b0000000,0x00000007bcb00000,0x00000007bcb00000)
  from space 27648K, 35% used [0x00000007be500000,0x00000007bee80eb8,0x00000007c0000000)
  to   space 26624K, 0% used [0x00000007bcb00000,0x00000007bcb00000,0x00000007be500000)
 ParOldGen       total 524288K, used 109493K [0x0000000790000000, 0x00000007b0000000, 0x00000007b0000000)
  object space 524288K, 20% used [0x0000000790000000,0x0000000796aed408,0x00000007b0000000)
 Metaspace       used 75869K, capacity 82352K, committed 82472K, reserved 1120256K
  class space    used 10362K, capacity 12267K, committed 12328K, reserved 1048576K
Event: 8064.878 GC heap after
Heap after GC invocations=58 (full 3):
 PSYoungGen      total 234496K, used 9200K [0x00000007b0000000, 0x00000007c0000000, 0x00000007c0000000)
  eden space 207872K, 0% used [0x00000007b0000000,0x00000007b0000000,0x00000007bcb00000)
  from space 26624K, 34% used [0x00000007bcb00000,0x00000007bd3fc058,0x00000007be500000)
  to   space 26112K, 0% used [0x00000007be680000,0x00000007be680000,0x00000007c0000000)
 ParOldGen       total 524288K, used 109789K [0x0000000790000000, 0x00000007b0000000, 0x00000007b0000000)
  object space 524288K, 20% used [0x0000000790000000,0x0000000796b37408,0x00000007b0000000)
 Metaspace       used 75869K, capacity 82352K, committed 82472K, reserved 1120256K
  class space    used 10362K, capacity 12267K, committed 12328K, reserved 1048576K
}
Event: 8284.361 GC heap before
{Heap before GC invocations=59 (full 3):
 PSYoungGen      total 234496K, used 217072K [0x00000007b0000000, 0x00000007c0000000, 0x00000007c0000000)
  eden space 207872K, 100% used [0x00000007b0000000,0x00000007bcb00000,0x00000007bcb00000)
  from space 26624K, 34% used [0x00000007bcb00000,0x00000007bd3fc058,0x00000007be500000)
  to   space 26112K, 0% used [0x00000007be680000,0x00000007be680000,0x00000007c0000000)
 ParOldGen       total 524288K, used 109789K [0x0000000790000000, 0x00000007b0000000, 0x00000007b0000000)
  object space 524288K, 20% used [0x0000000790000000,0x0000000796b37408,0x00000007b0000000)
 Metaspace       used 76034K, capacity 82610K, committed 82856K, reserved 1120256K
  class space    used 10403K, capacity 12350K, committed 12456K, reserved 1048576K
Event: 8284.375 GC heap after
Heap after GC invocations=59 (full 3):
 PSYoungGen      total 237056K, used 9473K [0x00000007b0000000, 0x00000007c0000000, 0x00000007c0000000)
  eden space 210944K, 0% used [0x00000007b0000000,0x00000007b0000000,0x00000007bce00000)
  from space 26112K, 36% used [0x00000007be680000,0x00000007befc0468,0x00000007c0000000)
  to   space 25088K, 0% used [0x00000007bce00000,0x00000007bce00000,0x00000007be680000)
 ParOldGen       total 524288K, used 110309K [0x0000000790000000, 0x00000007b0000000, 0x00000007b0000000)
  object space 524288K, 21% used [0x0000000790000000,0x0000000796bb9408,0x00000007b0000000)
 Metaspace       used 76034K, capacity 82610K, committed 82856K, reserved 1120256K
  class space    used 10403K, capacity 12350K, committed 12456K, reserved 1048576K
}
Event: 8423.113 GC heap before
{Heap before GC invocations=60 (full 3):
 PSYoungGen      total 237056K, used 220417K [0x00000007b0000000, 0x00000007c0000000, 0x00000007c0000000)
  eden space 210944K, 100% used [0x00000007b0000000,0x00000007bce00000,0x00000007bce00000)
  from space 26112K, 36% used [0x00000007be680000,0x00000007befc0468,0x00000007c0000000)
  to   space 25088K, 0% used [0x00000007bce00000,0x00000007bce00000,0x00000007be680000)
 ParOldGen       total 524288K, used 110309K [0x0000000790000000, 0x00000007b0000000, 0x00000007b0000000)
  object space 524288K, 21% used [0x0000000790000000,0x0000000796bb9408,0x00000007b0000000)
 Metaspace       used 76114K, capacity 82730K, committed 82856K, reserved 1120256K
  class space    used 10423K, capacity 12390K, committed 12456K, reserved 1048576K
Event: 8423.125 GC heap after
Heap after GC invocations=60 (full 3):
 PSYoungGen      total 236032K, used 9066K [0x00000007b0000000, 0x00000007c0000000, 0x00000007c0000000)
  eden space 210944K, 0% used [0x00000007b0000000,0x00000007b0000000,0x00000007bce00000)
  from space 25088K, 36% used [0x00000007bce00000,0x00000007bd6daad0,0x00000007be680000)
  to   space 24064K, 0% used [0x00000007be880000,0x00000007be880000,0x00000007c0000000)
 ParOldGen       total 524288K, used 110499K [0x0000000790000000, 0x00000007b0000000, 0x00000007b0000000)
  object space 524288K, 21% used [0x0000000790000000,0x0000000796be8fb0,0x00000007b0000000)
 Metaspace       used 76114K, capacity 82730K, committed 82856K, reserved 1120256K
  class space    used 10423K, capacity 12390K, committed 12456K, reserved 1048576K
}
Event: 8953.544 GC heap before
{Heap before GC invocations=61 (full 3):
 PSYoungGen      total 236032K, used 219996K [0x00000007b0000000, 0x00000007c0000000, 0x00000007c0000000)
  eden space 210944K, 99% used [0x00000007b0000000,0x00000007bcdfc668,0x00000007bce00000)
  from space 25088K, 36% used [0x00000007bce00000,0x00000007bd6daad0,0x00000007be680000)
  to   space 24064K, 0% used [0x00000007be880000,0x00000007be880000,0x00000007c0000000)
 ParOldGen       total 524288K, used 110499K [0x0000000790000000, 0x00000007b0000000, 0x00000007b0000000)
  object space 524288K, 21% used [0x0000000790000000,0x0000000796be8fb0,0x00000007b0000000)
 Metaspace       used 76451K, capacity 83178K, committed 83496K, reserved 1120256K
  class space    used 10476K, capacity 12511K, committed 12584K, reserved 1048576K
Event: 8953.564 GC heap after
Heap after GC invocations=61 (full 3):
 PSYoungGen      total 239104K, used 10720K [0x00000007b0000000, 0x00000007c0000000, 0x00000007c0000000)
  eden space 215040K, 0% used [0x00000007b0000000,0x00000007b0000000,0x00000007bd200000)
  from space 24064K, 44% used [0x00000007be880000,0x00000007bf2f81d0,0x00000007c0000000)
  to   space 23040K, 0% used [0x00000007bd200000,0x00000007bd200000,0x00000007be880000)
 ParOldGen       total 524288K, used 110643K [0x0000000790000000, 0x00000007b0000000, 0x00000007b0000000)
  object space 524288K, 21% used [0x0000000790000000,0x0000000796c0cfb0,0x00000007b0000000)
 Metaspace       used 76451K, capacity 83178K, committed 83496K, reserved 1120256K
  class space    used 10476K, capacity 12511K, committed 12584K, reserved 1048576K
}
Event: 9179.867 GC heap before
{Heap before GC invocations=62 (full 3):
 PSYoungGen      total 239104K, used 225760K [0x00000007b0000000, 0x00000007c0000000, 0x00000007c0000000)
  eden space 215040K, 100% used [0x00000007b0000000,0x00000007bd200000,0x00000007bd200000)
  from space 24064K, 44% used [0x00000007be880000,0x00000007bf2f81d0,0x00000007c0000000)
  to   space 23040K, 0% used [0x00000007bd200000,0x00000007bd200000,0x00000007be880000)
 ParOldGen       total 524288K, used 110643K [0x0000000790000000, 0x00000007b0000000, 0x00000007b0000000)
  object space 524288K, 21% used [0x0000000790000000,0x0000000796c0cfb0,0x00000007b0000000)
 Metaspace       used 76550K, capacity 83336K, committed 83496K, reserved 1120256K
  class space    used 10504K, capacity 12561K, committed 12584K, reserved 1048576K
Event: 9179.885 GC heap after
Heap after GC invocations=62 (full 3):
 PSYoungGen      total 238080K, used 10096K [0x00000007b0000000, 0x00000007c0000000, 0x00000007c0000000)
  eden space 215040K, 0% used [0x00000007b0000000,0x00000007b0000000,0x00000007bd200000)
  from space 23040K, 43% used [0x00000007bd200000,0x00000007bdbdc1d0,0x00000007be880000)
  to   space 22016K, 0% used [0x00000007bea80000,0x00000007bea80000,0x00000007c0000000)
 ParOldGen       total 524288K, used 110779K [0x0000000790000000, 0x00000007b0000000, 0x00000007b0000000)
  object space 524288K, 21% used [0x0000000790000000,0x0000000796c2efb0,0x00000007b0000000)
 Metaspace       used 76550K, capacity 83336K, committed 83496K, reserved 1120256K
  class space    used 10504K, capacity 12561K, committed 12584K, reserved 1048576K
}

